{"/home/potter/Documentos/unb_2022_1/mds/2022-1-EuPescador-Web/src/components/Header.tsx": {"path":"/home/potter/Documentos/unb_2022_1/mds/2022-1-EuPescador-Web/src/components/Header.tsx","all":false,"statementMap":{"0":{"start":{"line":1,"column":0},"end":{"line":1,"column":25}},"1":{"start":{"line":2,"column":0},"end":{"line":2,"column":41}},"2":{"start":{"line":3,"column":0},"end":{"line":3,"column":35}},"3":{"start":{"line":4,"column":0},"end":{"line":4,"column":43}},"4":{"start":{"line":5,"column":0},"end":{"line":5,"column":49}},"5":{"start":{"line":6,"column":0},"end":{"line":6,"column":38}},"6":{"start":{"line":7,"column":0},"end":{"line":7,"column":65}},"7":{"start":{"line":8,"column":0},"end":{"line":8,"column":0}},"8":{"start":{"line":9,"column":0},"end":{"line":9,"column":23}},"9":{"start":{"line":10,"column":0},"end":{"line":10,"column":15}},"10":{"start":{"line":11,"column":0},"end":{"line":11,"column":1}},"11":{"start":{"line":12,"column":0},"end":{"line":12,"column":28}},"12":{"start":{"line":13,"column":0},"end":{"line":13,"column":16}},"13":{"start":{"line":14,"column":0},"end":{"line":14,"column":14}},"14":{"start":{"line":15,"column":0},"end":{"line":15,"column":15}},"15":{"start":{"line":16,"column":0},"end":{"line":16,"column":1}},"16":{"start":{"line":17,"column":0},"end":{"line":17,"column":0}},"17":{"start":{"line":18,"column":0},"end":{"line":18,"column":24}},"18":{"start":{"line":19,"column":0},"end":{"line":19,"column":83}},"19":{"start":{"line":20,"column":0},"end":{"line":20,"column":10}},"20":{"start":{"line":21,"column":0},"end":{"line":21,"column":54}},"21":{"start":{"line":22,"column":0},"end":{"line":22,"column":52}},"22":{"start":{"line":23,"column":0},"end":{"line":23,"column":11}},"23":{"start":{"line":24,"column":0},"end":{"line":24,"column":112}},"24":{"start":{"line":25,"column":0},"end":{"line":25,"column":76}},"25":{"start":{"line":26,"column":0},"end":{"line":26,"column":12}},"26":{"start":{"line":27,"column":0},"end":{"line":27,"column":27}},"27":{"start":{"line":28,"column":0},"end":{"line":28,"column":10}},"28":{"start":{"line":29,"column":0},"end":{"line":29,"column":3}},"29":{"start":{"line":30,"column":0},"end":{"line":30,"column":1}},"30":{"start":{"line":31,"column":0},"end":{"line":31,"column":0}},"31":{"start":{"line":32,"column":0},"end":{"line":32,"column":67}},"32":{"start":{"line":33,"column":0},"end":{"line":33,"column":10}},"33":{"start":{"line":34,"column":0},"end":{"line":34,"column":11}},"34":{"start":{"line":35,"column":0},"end":{"line":35,"column":24}},"35":{"start":{"line":36,"column":0},"end":{"line":36,"column":23}},"36":{"start":{"line":37,"column":0},"end":{"line":37,"column":89}},"37":{"start":{"line":38,"column":0},"end":{"line":38,"column":5}},"38":{"start":{"line":39,"column":0},"end":{"line":39,"column":15}},"39":{"start":{"line":40,"column":0},"end":{"line":40,"column":107}},"40":{"start":{"line":41,"column":0},"end":{"line":41,"column":17}},"41":{"start":{"line":42,"column":0},"end":{"line":42,"column":21}},"42":{"start":{"line":43,"column":0},"end":{"line":43,"column":20}},"43":{"start":{"line":44,"column":0},"end":{"line":44,"column":16}},"44":{"start":{"line":45,"column":0},"end":{"line":45,"column":13}},"45":{"start":{"line":46,"column":0},"end":{"line":46,"column":3}},"46":{"start":{"line":47,"column":0},"end":{"line":47,"column":1}}},"s":{"0":1,"1":1,"2":1,"3":1,"4":1,"5":1,"6":1,"7":1,"8":1,"9":1,"10":1,"11":1,"12":1,"13":1,"14":1,"15":1,"16":1,"17":1,"18":6,"19":6,"20":6,"21":6,"22":6,"23":6,"24":6,"25":6,"26":6,"27":6,"28":6,"29":6,"30":1,"31":1,"32":6,"33":6,"34":6,"35":6,"36":6,"37":6,"38":6,"39":6,"40":6,"41":6,"42":6,"43":6,"44":6,"45":6,"46":6},"branchMap":{"0":{"type":"branch","line":32,"loc":{"start":{"line":32,"column":24},"end":{"line":32,"column":30}},"locations":[{"start":{"line":32,"column":24},"end":{"line":32,"column":30}}]},"1":{"type":"branch","line":18,"loc":{"start":{"line":18,"column":17},"end":{"line":30,"column":1}},"locations":[{"start":{"line":18,"column":17},"end":{"line":30,"column":1}}]},"2":{"type":"branch","line":24,"loc":{"start":{"line":24,"column":71},"end":{"line":24,"column":77}},"locations":[{"start":{"line":24,"column":71},"end":{"line":24,"column":77}}]},"3":{"type":"branch","line":24,"loc":{"start":{"line":24,"column":77},"end":{"line":24,"column":89}},"locations":[{"start":{"line":24,"column":77},"end":{"line":24,"column":89}}]},"4":{"type":"branch","line":25,"loc":{"start":{"line":25,"column":25},"end":{"line":25,"column":32}},"locations":[{"start":{"line":25,"column":25},"end":{"line":25,"column":32}}]},"5":{"type":"branch","line":25,"loc":{"start":{"line":25,"column":32},"end":{"line":25,"column":50}},"locations":[{"start":{"line":25,"column":32},"end":{"line":25,"column":50}}]},"6":{"type":"branch","line":32,"loc":{"start":{"line":32,"column":15},"end":{"line":47,"column":1}},"locations":[{"start":{"line":32,"column":15},"end":{"line":47,"column":1}}]}},"b":{"0":[6],"1":[6],"2":[0],"3":[0],"4":[0],"5":[0],"6":[6]},"fnMap":{"0":{"name":"get","decl":{"start":{"line":32,"column":24},"end":{"line":32,"column":30}},"loc":{"start":{"line":32,"column":24},"end":{"line":32,"column":30}},"line":32},"1":{"name":"UserCard","decl":{"start":{"line":18,"column":17},"end":{"line":30,"column":1}},"loc":{"start":{"line":18,"column":17},"end":{"line":30,"column":1}},"line":18},"2":{"name":"Header","decl":{"start":{"line":32,"column":15},"end":{"line":47,"column":1}},"loc":{"start":{"line":32,"column":15},"end":{"line":47,"column":1}},"line":32}},"f":{"0":6,"1":6,"2":6}}
,"/home/potter/Documentos/unb_2022_1/mds/2022-1-EuPescador-Web/src/components/Table/index.tsx": {"path":"/home/potter/Documentos/unb_2022_1/mds/2022-1-EuPescador-Web/src/components/Table/index.tsx","all":false,"statementMap":{"0":{"start":{"line":1,"column":0},"end":{"line":1,"column":56}},"1":{"start":{"line":2,"column":0},"end":{"line":2,"column":49}},"2":{"start":{"line":3,"column":0},"end":{"line":3,"column":50}},"3":{"start":{"line":4,"column":0},"end":{"line":4,"column":108}},"4":{"start":{"line":5,"column":0},"end":{"line":5,"column":0}},"5":{"start":{"line":6,"column":0},"end":{"line":6,"column":19}},"6":{"start":{"line":7,"column":0},"end":{"line":7,"column":32}},"7":{"start":{"line":8,"column":0},"end":{"line":8,"column":1}},"8":{"start":{"line":9,"column":0},"end":{"line":9,"column":0}},"9":{"start":{"line":10,"column":0},"end":{"line":10,"column":22}},"10":{"start":{"line":11,"column":0},"end":{"line":11,"column":15}},"11":{"start":{"line":12,"column":0},"end":{"line":12,"column":15}},"12":{"start":{"line":13,"column":0},"end":{"line":13,"column":1}},"13":{"start":{"line":14,"column":0},"end":{"line":14,"column":0}},"14":{"start":{"line":15,"column":0},"end":{"line":15,"column":22}},"15":{"start":{"line":16,"column":0},"end":{"line":16,"column":23}},"16":{"start":{"line":17,"column":0},"end":{"line":17,"column":17}},"17":{"start":{"line":18,"column":0},"end":{"line":18,"column":35}},"18":{"start":{"line":19,"column":0},"end":{"line":19,"column":33}},"19":{"start":{"line":20,"column":0},"end":{"line":20,"column":1}},"20":{"start":{"line":21,"column":0},"end":{"line":21,"column":0}},"21":{"start":{"line":22,"column":0},"end":{"line":22,"column":89}},"22":{"start":{"line":23,"column":0},"end":{"line":23,"column":36}},"23":{"start":{"line":24,"column":0},"end":{"line":24,"column":62}},"24":{"start":{"line":25,"column":0},"end":{"line":25,"column":18}},"25":{"start":{"line":26,"column":0},"end":{"line":26,"column":4}},"26":{"start":{"line":27,"column":0},"end":{"line":27,"column":0}},"27":{"start":{"line":28,"column":0},"end":{"line":28,"column":10}},"28":{"start":{"line":29,"column":0},"end":{"line":29,"column":19}},"29":{"start":{"line":30,"column":0},"end":{"line":30,"column":11}},"30":{"start":{"line":31,"column":0},"end":{"line":31,"column":22}},"31":{"start":{"line":32,"column":0},"end":{"line":32,"column":32}},"32":{"start":{"line":33,"column":0},"end":{"line":33,"column":35}},"33":{"start":{"line":34,"column":0},"end":{"line":34,"column":10}},"34":{"start":{"line":35,"column":0},"end":{"line":35,"column":29}},"35":{"start":{"line":36,"column":0},"end":{"line":36,"column":23}},"36":{"start":{"line":37,"column":0},"end":{"line":37,"column":24}},"37":{"start":{"line":38,"column":0},"end":{"line":38,"column":31}},"38":{"start":{"line":39,"column":0},"end":{"line":39,"column":19}},"39":{"start":{"line":40,"column":0},"end":{"line":40,"column":24}},"40":{"start":{"line":41,"column":0},"end":{"line":41,"column":33}},"41":{"start":{"line":42,"column":0},"end":{"line":42,"column":27}},"42":{"start":{"line":43,"column":0},"end":{"line":43,"column":10}},"43":{"start":{"line":44,"column":0},"end":{"line":44,"column":33}},"44":{"start":{"line":45,"column":0},"end":{"line":45,"column":26}},"45":{"start":{"line":46,"column":0},"end":{"line":46,"column":27}},"46":{"start":{"line":47,"column":0},"end":{"line":47,"column":10}},"47":{"start":{"line":48,"column":0},"end":{"line":48,"column":8}},"48":{"start":{"line":49,"column":0},"end":{"line":49,"column":5}},"49":{"start":{"line":50,"column":0},"end":{"line":50,"column":12}},"50":{"start":{"line":51,"column":0},"end":{"line":51,"column":13}},"51":{"start":{"line":52,"column":0},"end":{"line":52,"column":24}},"52":{"start":{"line":53,"column":0},"end":{"line":53,"column":10}},"53":{"start":{"line":54,"column":0},"end":{"line":54,"column":20}},"54":{"start":{"line":55,"column":0},"end":{"line":55,"column":34}},"55":{"start":{"line":56,"column":0},"end":{"line":56,"column":7}},"56":{"start":{"line":57,"column":0},"end":{"line":57,"column":19}},"57":{"start":{"line":58,"column":0},"end":{"line":58,"column":20}},"58":{"start":{"line":59,"column":0},"end":{"line":59,"column":38}},"59":{"start":{"line":60,"column":0},"end":{"line":60,"column":59}},"60":{"start":{"line":61,"column":0},"end":{"line":61,"column":30}},"61":{"start":{"line":62,"column":0},"end":{"line":62,"column":26}},"62":{"start":{"line":63,"column":0},"end":{"line":63,"column":15}},"63":{"start":{"line":64,"column":0},"end":{"line":64,"column":68}},"64":{"start":{"line":65,"column":0},"end":{"line":65,"column":71}},"65":{"start":{"line":66,"column":0},"end":{"line":66,"column":21}},"66":{"start":{"line":67,"column":0},"end":{"line":67,"column":20}},"67":{"start":{"line":68,"column":0},"end":{"line":68,"column":19}},"68":{"start":{"line":69,"column":0},"end":{"line":69,"column":39}},"69":{"start":{"line":70,"column":0},"end":{"line":70,"column":34}},"70":{"start":{"line":71,"column":0},"end":{"line":71,"column":34}},"71":{"start":{"line":72,"column":0},"end":{"line":72,"column":56}},"72":{"start":{"line":73,"column":0},"end":{"line":73,"column":17}},"73":{"start":{"line":74,"column":0},"end":{"line":74,"column":26}},"74":{"start":{"line":75,"column":0},"end":{"line":75,"column":27}},"75":{"start":{"line":76,"column":0},"end":{"line":76,"column":107}},"76":{"start":{"line":77,"column":0},"end":{"line":77,"column":28}},"77":{"start":{"line":78,"column":0},"end":{"line":78,"column":31}},"78":{"start":{"line":79,"column":0},"end":{"line":79,"column":28}},"79":{"start":{"line":80,"column":0},"end":{"line":80,"column":16}},"80":{"start":{"line":81,"column":0},"end":{"line":81,"column":28}},"81":{"start":{"line":82,"column":0},"end":{"line":82,"column":27}},"82":{"start":{"line":83,"column":0},"end":{"line":83,"column":109}},"83":{"start":{"line":84,"column":0},"end":{"line":84,"column":30}},"84":{"start":{"line":85,"column":0},"end":{"line":85,"column":31}},"85":{"start":{"line":86,"column":0},"end":{"line":86,"column":28}},"86":{"start":{"line":87,"column":0},"end":{"line":87,"column":16}},"87":{"start":{"line":88,"column":0},"end":{"line":88,"column":23}},"88":{"start":{"line":89,"column":0},"end":{"line":89,"column":13}},"89":{"start":{"line":90,"column":0},"end":{"line":90,"column":20}},"90":{"start":{"line":91,"column":0},"end":{"line":91,"column":14}},"91":{"start":{"line":92,"column":0},"end":{"line":92,"column":21}},"92":{"start":{"line":93,"column":0},"end":{"line":93,"column":3}},"93":{"start":{"line":94,"column":0},"end":{"line":94,"column":1}}},"s":{"0":1,"1":1,"2":1,"3":1,"4":1,"5":1,"6":1,"7":1,"8":1,"9":1,"10":1,"11":1,"12":1,"13":1,"14":1,"15":1,"16":1,"17":1,"18":1,"19":1,"20":1,"21":1,"22":3,"23":6,"24":6,"25":3,"26":3,"27":3,"28":3,"29":3,"30":3,"31":3,"32":3,"33":3,"34":3,"35":3,"36":3,"37":3,"38":3,"39":3,"40":3,"41":3,"42":3,"43":3,"44":3,"45":3,"46":3,"47":3,"48":3,"49":3,"50":3,"51":3,"52":3,"53":3,"54":3,"55":3,"56":3,"57":3,"58":3,"59":3,"60":3,"61":3,"62":3,"63":3,"64":3,"65":3,"66":3,"67":3,"68":3,"69":6,"70":3,"71":3,"72":3,"73":3,"74":2,"75":2,"76":2,"77":2,"78":2,"79":3,"80":3,"81":2,"82":2,"83":2,"84":2,"85":2,"86":3,"87":3,"88":3,"89":3,"90":3,"91":3,"92":3,"93":3},"branchMap":{"0":{"type":"branch","line":22,"loc":{"start":{"line":22,"column":24},"end":{"line":22,"column":38}},"locations":[{"start":{"line":22,"column":24},"end":{"line":22,"column":38}}]},"1":{"type":"branch","line":22,"loc":{"start":{"line":22,"column":15},"end":{"line":94,"column":1}},"locations":[{"start":{"line":22,"column":15},"end":{"line":94,"column":1}}]},"2":{"type":"branch","line":64,"loc":{"start":{"line":64,"column":19},"end":{"line":64,"column":68}},"locations":[{"start":{"line":64,"column":19},"end":{"line":64,"column":68}}]},"3":{"type":"branch","line":65,"loc":{"start":{"line":65,"column":21},"end":{"line":65,"column":71}},"locations":[{"start":{"line":65,"column":21},"end":{"line":65,"column":71}}]},"4":{"type":"branch","line":23,"loc":{"start":{"line":23,"column":26},"end":{"line":26,"column":3}},"locations":[{"start":{"line":23,"column":26},"end":{"line":26,"column":3}}]},"5":{"type":"branch","line":24,"loc":{"start":{"line":24,"column":32},"end":{"line":24,"column":61}},"locations":[{"start":{"line":24,"column":32},"end":{"line":24,"column":61}}]},"6":{"type":"branch","line":59,"loc":{"start":{"line":59,"column":25},"end":{"line":60,"column":44}},"locations":[{"start":{"line":59,"column":25},"end":{"line":60,"column":44}}]},"7":{"type":"branch","line":69,"loc":{"start":{"line":69,"column":22},"end":{"line":70,"column":34}},"locations":[{"start":{"line":69,"column":22},"end":{"line":70,"column":34}}]},"8":{"type":"branch","line":74,"loc":{"start":{"line":74,"column":21},"end":{"line":79,"column":28}},"locations":[{"start":{"line":74,"column":21},"end":{"line":79,"column":28}}]},"9":{"type":"branch","line":81,"loc":{"start":{"line":81,"column":23},"end":{"line":86,"column":28}},"locations":[{"start":{"line":81,"column":23},"end":{"line":86,"column":28}}]},"10":{"type":"branch","line":71,"loc":{"start":{"line":71,"column":23},"end":{"line":72,"column":39}},"locations":[{"start":{"line":71,"column":23},"end":{"line":72,"column":39}}]},"11":{"type":"branch","line":76,"loc":{"start":{"line":76,"column":64},"end":{"line":76,"column":89}},"locations":[{"start":{"line":76,"column":64},"end":{"line":76,"column":89}}]},"12":{"type":"branch","line":83,"loc":{"start":{"line":83,"column":66},"end":{"line":83,"column":93}},"locations":[{"start":{"line":83,"column":66},"end":{"line":83,"column":93}}]}},"b":{"0":[3],"1":[3],"2":[1],"3":[1],"4":[6],"5":[12],"6":[6],"7":[6],"8":[2],"9":[2],"10":[12],"11":[1],"12":[1]},"fnMap":{"0":{"name":"get","decl":{"start":{"line":22,"column":24},"end":{"line":22,"column":38}},"loc":{"start":{"line":22,"column":24},"end":{"line":22,"column":38}},"line":22},"1":{"name":"TableComponent","decl":{"start":{"line":22,"column":15},"end":{"line":94,"column":1}},"loc":{"start":{"line":22,"column":15},"end":{"line":94,"column":1}},"line":22},"2":{"name":"onClick","decl":{"start":{"line":76,"column":64},"end":{"line":76,"column":89}},"loc":{"start":{"line":76,"column":64},"end":{"line":76,"column":89}},"line":76},"3":{"name":"onClick","decl":{"start":{"line":83,"column":66},"end":{"line":83,"column":93}},"loc":{"start":{"line":83,"column":66},"end":{"line":83,"column":93}},"line":83}},"f":{"0":3,"1":3,"2":1,"3":1}}
,"/home/potter/Documentos/unb_2022_1/mds/2022-1-EuPescador-Web/src/services/api/fishLogServices/GetAllFishLogs.ts": {"path":"/home/potter/Documentos/unb_2022_1/mds/2022-1-EuPescador-Web/src/services/api/fishLogServices/GetAllFishLogs.ts","all":false,"statementMap":{"0":{"start":{"line":1,"column":0},"end":{"line":1,"column":36}},"1":{"start":{"line":2,"column":0},"end":{"line":2,"column":49}},"2":{"start":{"line":3,"column":0},"end":{"line":3,"column":0}},"3":{"start":{"line":4,"column":0},"end":{"line":4,"column":64}},"4":{"start":{"line":5,"column":0},"end":{"line":5,"column":28}},"5":{"start":{"line":6,"column":0},"end":{"line":6,"column":27}},"6":{"start":{"line":7,"column":0},"end":{"line":7,"column":0}},"7":{"start":{"line":8,"column":0},"end":{"line":8,"column":37}},"8":{"start":{"line":9,"column":0},"end":{"line":9,"column":53}},"9":{"start":{"line":10,"column":0},"end":{"line":10,"column":42}},"10":{"start":{"line":11,"column":0},"end":{"line":11,"column":4}},"11":{"start":{"line":12,"column":0},"end":{"line":12,"column":17}},"12":{"start":{"line":13,"column":0},"end":{"line":13,"column":1}},"13":{"start":{"line":14,"column":0},"end":{"line":14,"column":0}},"14":{"start":{"line":15,"column":0},"end":{"line":15,"column":29}}},"s":{"0":1,"1":1,"2":1,"3":1,"4":1,"5":1,"6":1,"7":1,"8":1,"9":1,"10":1,"11":1,"12":1,"13":1,"14":1},"branchMap":{"0":{"type":"branch","line":15,"loc":{"start":{"line":15,"column":0},"end":{"line":15,"column":15}},"locations":[{"start":{"line":15,"column":0},"end":{"line":15,"column":15}}]},"1":{"type":"branch","line":4,"loc":{"start":{"line":4,"column":23},"end":{"line":13,"column":1}},"locations":[{"start":{"line":4,"column":23},"end":{"line":13,"column":1}}]},"2":{"type":"branch","line":6,"loc":{"start":{"line":6,"column":13},"end":{"line":6,"column":27}},"locations":[{"start":{"line":6,"column":13},"end":{"line":6,"column":27}}]}},"b":{"0":[1],"1":[1],"2":[0]},"fnMap":{"0":{"name":"get","decl":{"start":{"line":15,"column":0},"end":{"line":15,"column":15}},"loc":{"start":{"line":15,"column":0},"end":{"line":15,"column":15}},"line":15},"1":{"name":"GetAllFishLogs","decl":{"start":{"line":4,"column":23},"end":{"line":13,"column":1}},"loc":{"start":{"line":4,"column":23},"end":{"line":13,"column":1}},"line":4}},"f":{"0":1,"1":1}}
,"/home/potter/Documentos/unb_2022_1/mds/2022-1-EuPescador-Web/src/services/api/fishLogServices/fishLogService.ts": {"path":"/home/potter/Documentos/unb_2022_1/mds/2022-1-EuPescador-Web/src/services/api/fishLogServices/fishLogService.ts","all":false,"statementMap":{"0":{"start":{"line":1,"column":0},"end":{"line":1,"column":25}},"1":{"start":{"line":2,"column":0},"end":{"line":2,"column":0}},"2":{"start":{"line":3,"column":0},"end":{"line":3,"column":37}},"3":{"start":{"line":4,"column":0},"end":{"line":4,"column":51}},"4":{"start":{"line":5,"column":0},"end":{"line":5,"column":2}},"5":{"start":{"line":6,"column":0},"end":{"line":6,"column":0}},"6":{"start":{"line":7,"column":0},"end":{"line":7,"column":25}}},"s":{"0":1,"1":1,"2":1,"3":1,"4":1,"5":1,"6":1},"branchMap":{"0":{"type":"branch","line":7,"loc":{"start":{"line":7,"column":9},"end":{"line":7,"column":23}},"locations":[{"start":{"line":7,"column":9},"end":{"line":7,"column":23}}]}},"b":{"0":[3]},"fnMap":{"0":{"name":"get","decl":{"start":{"line":7,"column":9},"end":{"line":7,"column":23}},"loc":{"start":{"line":7,"column":9},"end":{"line":7,"column":23}},"line":7}},"f":{"0":3}}
,"/home/potter/Documentos/unb_2022_1/mds/2022-1-EuPescador-Web/src/services/api/fishLogServices/getOneFishLog.ts": {"path":"/home/potter/Documentos/unb_2022_1/mds/2022-1-EuPescador-Web/src/services/api/fishLogServices/getOneFishLog.ts","all":false,"statementMap":{"0":{"start":{"line":1,"column":0},"end":{"line":1,"column":49}},"1":{"start":{"line":2,"column":0},"end":{"line":2,"column":36}},"2":{"start":{"line":3,"column":0},"end":{"line":3,"column":49}},"3":{"start":{"line":4,"column":0},"end":{"line":4,"column":0}},"4":{"start":{"line":5,"column":0},"end":{"line":5,"column":68}},"5":{"start":{"line":6,"column":0},"end":{"line":6,"column":37}},"6":{"start":{"line":7,"column":0},"end":{"line":7,"column":68}},"7":{"start":{"line":8,"column":0},"end":{"line":8,"column":42}},"8":{"start":{"line":9,"column":0},"end":{"line":9,"column":4}},"9":{"start":{"line":10,"column":0},"end":{"line":10,"column":44}},"10":{"start":{"line":11,"column":0},"end":{"line":11,"column":1}}},"s":{"0":1,"1":1,"2":1,"3":1,"4":1,"5":2,"6":2,"7":2,"8":2,"9":1,"10":1},"branchMap":{"0":{"type":"branch","line":5,"loc":{"start":{"line":5,"column":22},"end":{"line":5,"column":35}},"locations":[{"start":{"line":5,"column":22},"end":{"line":5,"column":35}}]},"1":{"type":"branch","line":5,"loc":{"start":{"line":5,"column":7},"end":{"line":11,"column":1}},"locations":[{"start":{"line":5,"column":7},"end":{"line":11,"column":1}}]},"2":{"type":"branch","line":10,"loc":{"start":{"line":10,"column":-1},"end":{"line":11,"column":1}},"locations":[{"start":{"line":10,"column":-1},"end":{"line":11,"column":1}}]}},"b":{"0":[2],"1":[2],"2":[1]},"fnMap":{"0":{"name":"get","decl":{"start":{"line":5,"column":22},"end":{"line":5,"column":35}},"loc":{"start":{"line":5,"column":22},"end":{"line":5,"column":35}},"line":5},"1":{"name":"GetOneFishLog","decl":{"start":{"line":5,"column":7},"end":{"line":11,"column":1}},"loc":{"start":{"line":5,"column":7},"end":{"line":11,"column":1}},"line":5}},"f":{"0":2,"1":2}}
,"/home/potter/Documentos/unb_2022_1/mds/2022-1-EuPescador-Web/src/services/api/userServices/getAllUsers.ts": {"path":"/home/potter/Documentos/unb_2022_1/mds/2022-1-EuPescador-Web/src/services/api/userServices/getAllUsers.ts","all":false,"statementMap":{"0":{"start":{"line":1,"column":0},"end":{"line":1,"column":36}},"1":{"start":{"line":2,"column":0},"end":{"line":2,"column":43}},"2":{"start":{"line":3,"column":0},"end":{"line":3,"column":0}},"3":{"start":{"line":4,"column":0},"end":{"line":4,"column":24}},"4":{"start":{"line":5,"column":0},"end":{"line":5,"column":16}},"5":{"start":{"line":6,"column":0},"end":{"line":6,"column":14}},"6":{"start":{"line":7,"column":0},"end":{"line":7,"column":15}},"7":{"start":{"line":8,"column":0},"end":{"line":8,"column":13}},"8":{"start":{"line":9,"column":0},"end":{"line":9,"column":14}},"9":{"start":{"line":10,"column":0},"end":{"line":10,"column":18}},"10":{"start":{"line":11,"column":0},"end":{"line":11,"column":15}},"11":{"start":{"line":12,"column":0},"end":{"line":12,"column":15}},"12":{"start":{"line":13,"column":0},"end":{"line":13,"column":21}},"13":{"start":{"line":14,"column":0},"end":{"line":14,"column":1}},"14":{"start":{"line":15,"column":0},"end":{"line":15,"column":0}},"15":{"start":{"line":16,"column":0},"end":{"line":16,"column":37}},"16":{"start":{"line":17,"column":0},"end":{"line":17,"column":51}},"17":{"start":{"line":18,"column":0},"end":{"line":18,"column":28}},"18":{"start":{"line":19,"column":0},"end":{"line":19,"column":1}}},"s":{"0":1,"1":1,"2":1,"3":1,"4":1,"5":1,"6":1,"7":1,"8":1,"9":1,"10":1,"11":1,"12":1,"13":1,"14":1,"15":1,"16":1,"17":1,"18":1},"branchMap":{"0":{"type":"branch","line":16,"loc":{"start":{"line":16,"column":22},"end":{"line":16,"column":33}},"locations":[{"start":{"line":16,"column":22},"end":{"line":16,"column":33}}]},"1":{"type":"branch","line":16,"loc":{"start":{"line":16,"column":7},"end":{"line":19,"column":1}},"locations":[{"start":{"line":16,"column":7},"end":{"line":19,"column":1}}]}},"b":{"0":[1],"1":[1]},"fnMap":{"0":{"name":"get","decl":{"start":{"line":16,"column":22},"end":{"line":16,"column":33}},"loc":{"start":{"line":16,"column":22},"end":{"line":16,"column":33}},"line":16},"1":{"name":"GetAllUsers","decl":{"start":{"line":16,"column":7},"end":{"line":19,"column":1}},"loc":{"start":{"line":16,"column":7},"end":{"line":19,"column":1}},"line":16}},"f":{"0":1,"1":1}}
,"/home/potter/Documentos/unb_2022_1/mds/2022-1-EuPescador-Web/src/services/api/userServices/login.ts": {"path":"/home/potter/Documentos/unb_2022_1/mds/2022-1-EuPescador-Web/src/services/api/userServices/login.ts","all":false,"statementMap":{"0":{"start":{"line":1,"column":0},"end":{"line":1,"column":43}},"1":{"start":{"line":2,"column":0},"end":{"line":2,"column":0}},"2":{"start":{"line":3,"column":0},"end":{"line":3,"column":71}},"3":{"start":{"line":4,"column":0},"end":{"line":4,"column":53}},"4":{"start":{"line":5,"column":0},"end":{"line":5,"column":15}},"5":{"start":{"line":6,"column":0},"end":{"line":6,"column":13}},"6":{"start":{"line":7,"column":0},"end":{"line":7,"column":4}},"7":{"start":{"line":8,"column":0},"end":{"line":8,"column":0}},"8":{"start":{"line":9,"column":0},"end":{"line":9,"column":12}},"9":{"start":{"line":10,"column":0},"end":{"line":10,"column":1}}},"s":{"0":1,"1":1,"2":1,"3":5,"4":5,"5":5,"6":5,"7":4,"8":4,"9":4},"branchMap":{"0":{"type":"branch","line":3,"loc":{"start":{"line":3,"column":22},"end":{"line":3,"column":31}},"locations":[{"start":{"line":3,"column":22},"end":{"line":3,"column":31}}]},"1":{"type":"branch","line":3,"loc":{"start":{"line":3,"column":7},"end":{"line":10,"column":1}},"locations":[{"start":{"line":3,"column":7},"end":{"line":10,"column":1}}]},"2":{"type":"branch","line":8,"loc":{"start":{"line":8,"column":-1},"end":{"line":10,"column":1}},"locations":[{"start":{"line":8,"column":-1},"end":{"line":10,"column":1}}]}},"b":{"0":[5],"1":[5],"2":[4]},"fnMap":{"0":{"name":"get","decl":{"start":{"line":3,"column":22},"end":{"line":3,"column":31}},"loc":{"start":{"line":3,"column":22},"end":{"line":3,"column":31}},"line":3},"1":{"name":"UserLogin","decl":{"start":{"line":3,"column":7},"end":{"line":10,"column":1}},"loc":{"start":{"line":3,"column":7},"end":{"line":10,"column":1}},"line":3}},"f":{"0":5,"1":5}}
,"/home/potter/Documentos/unb_2022_1/mds/2022-1-EuPescador-Web/src/services/api/userServices/userService.ts": {"path":"/home/potter/Documentos/unb_2022_1/mds/2022-1-EuPescador-Web/src/services/api/userServices/userService.ts","all":false,"statementMap":{"0":{"start":{"line":1,"column":0},"end":{"line":1,"column":25}},"1":{"start":{"line":2,"column":0},"end":{"line":2,"column":0}},"2":{"start":{"line":3,"column":0},"end":{"line":3,"column":34}},"3":{"start":{"line":4,"column":0},"end":{"line":4,"column":47}},"4":{"start":{"line":5,"column":0},"end":{"line":5,"column":2}},"5":{"start":{"line":6,"column":0},"end":{"line":6,"column":0}},"6":{"start":{"line":7,"column":0},"end":{"line":7,"column":22}}},"s":{"0":1,"1":1,"2":1,"3":1,"4":1,"5":1,"6":1},"branchMap":{"0":{"type":"branch","line":7,"loc":{"start":{"line":7,"column":9},"end":{"line":7,"column":20}},"locations":[{"start":{"line":7,"column":9},"end":{"line":7,"column":20}}]}},"b":{"0":[6]},"fnMap":{"0":{"name":"get","decl":{"start":{"line":7,"column":9},"end":{"line":7,"column":20}},"loc":{"start":{"line":7,"column":9},"end":{"line":7,"column":20}},"line":7}},"f":{"0":6}}
,"/home/potter/Documentos/unb_2022_1/mds/2022-1-EuPescador-Web/src/services/api/wikiServices/getOneWikiFish.ts": {"path":"/home/potter/Documentos/unb_2022_1/mds/2022-1-EuPescador-Web/src/services/api/wikiServices/getOneWikiFish.ts","all":false,"statementMap":{"0":{"start":{"line":1,"column":0},"end":{"line":1,"column":36}},"1":{"start":{"line":2,"column":0},"end":{"line":2,"column":39}},"2":{"start":{"line":3,"column":0},"end":{"line":3,"column":0}},"3":{"start":{"line":4,"column":0},"end":{"line":4,"column":55}},"4":{"start":{"line":5,"column":0},"end":{"line":5,"column":65}},"5":{"start":{"line":6,"column":0},"end":{"line":6,"column":0}},"6":{"start":{"line":7,"column":0},"end":{"line":7,"column":17}},"7":{"start":{"line":8,"column":0},"end":{"line":8,"column":1}}},"s":{"0":1,"1":1,"2":1,"3":1,"4":2,"5":1,"6":1,"7":1},"branchMap":{"0":{"type":"branch","line":4,"loc":{"start":{"line":4,"column":22},"end":{"line":4,"column":36}},"locations":[{"start":{"line":4,"column":22},"end":{"line":4,"column":36}}]},"1":{"type":"branch","line":4,"loc":{"start":{"line":4,"column":7},"end":{"line":8,"column":1}},"locations":[{"start":{"line":4,"column":7},"end":{"line":8,"column":1}}]},"2":{"type":"branch","line":6,"loc":{"start":{"line":6,"column":-1},"end":{"line":8,"column":1}},"locations":[{"start":{"line":6,"column":-1},"end":{"line":8,"column":1}}]}},"b":{"0":[2],"1":[2],"2":[1]},"fnMap":{"0":{"name":"get","decl":{"start":{"line":4,"column":22},"end":{"line":4,"column":36}},"loc":{"start":{"line":4,"column":22},"end":{"line":4,"column":36}},"line":4},"1":{"name":"GetOneWikiFish","decl":{"start":{"line":4,"column":7},"end":{"line":8,"column":1}},"loc":{"start":{"line":4,"column":7},"end":{"line":8,"column":1}},"line":4}},"f":{"0":2,"1":2}}
,"/home/potter/Documentos/unb_2022_1/mds/2022-1-EuPescador-Web/src/services/api/wikiServices/getWikiFishes.ts": {"path":"/home/potter/Documentos/unb_2022_1/mds/2022-1-EuPescador-Web/src/services/api/wikiServices/getWikiFishes.ts","all":false,"statementMap":{"0":{"start":{"line":1,"column":0},"end":{"line":1,"column":36}},"1":{"start":{"line":2,"column":0},"end":{"line":2,"column":39}},"2":{"start":{"line":3,"column":0},"end":{"line":3,"column":0}},"3":{"start":{"line":4,"column":0},"end":{"line":4,"column":53}},"4":{"start":{"line":5,"column":0},"end":{"line":5,"column":26}},"5":{"start":{"line":6,"column":0},"end":{"line":6,"column":27}},"6":{"start":{"line":7,"column":0},"end":{"line":7,"column":0}},"7":{"start":{"line":8,"column":0},"end":{"line":8,"column":48}},"8":{"start":{"line":9,"column":0},"end":{"line":9,"column":0}},"9":{"start":{"line":10,"column":0},"end":{"line":10,"column":17}},"10":{"start":{"line":11,"column":0},"end":{"line":11,"column":1}}},"s":{"0":1,"1":1,"2":1,"3":1,"4":1,"5":1,"6":1,"7":1,"8":1,"9":1,"10":1},"branchMap":{"0":{"type":"branch","line":4,"loc":{"start":{"line":4,"column":22},"end":{"line":4,"column":35}},"locations":[{"start":{"line":4,"column":22},"end":{"line":4,"column":35}}]},"1":{"type":"branch","line":4,"loc":{"start":{"line":4,"column":7},"end":{"line":11,"column":1}},"locations":[{"start":{"line":4,"column":7},"end":{"line":11,"column":1}}]},"2":{"type":"branch","line":6,"loc":{"start":{"line":6,"column":13},"end":{"line":6,"column":27}},"locations":[{"start":{"line":6,"column":13},"end":{"line":6,"column":27}}]}},"b":{"0":[1],"1":[1],"2":[0]},"fnMap":{"0":{"name":"get","decl":{"start":{"line":4,"column":22},"end":{"line":4,"column":35}},"loc":{"start":{"line":4,"column":22},"end":{"line":4,"column":35}},"line":4},"1":{"name":"GetWikiFishes","decl":{"start":{"line":4,"column":7},"end":{"line":11,"column":1}},"loc":{"start":{"line":4,"column":7},"end":{"line":11,"column":1}},"line":4}},"f":{"0":1,"1":1}}
,"/home/potter/Documentos/unb_2022_1/mds/2022-1-EuPescador-Web/src/services/api/wikiServices/wikiService.ts": {"path":"/home/potter/Documentos/unb_2022_1/mds/2022-1-EuPescador-Web/src/services/api/wikiServices/wikiService.ts","all":false,"statementMap":{"0":{"start":{"line":1,"column":0},"end":{"line":1,"column":25}},"1":{"start":{"line":2,"column":0},"end":{"line":2,"column":0}},"2":{"start":{"line":3,"column":0},"end":{"line":3,"column":34}},"3":{"start":{"line":4,"column":0},"end":{"line":4,"column":52}},"4":{"start":{"line":5,"column":0},"end":{"line":5,"column":2}},"5":{"start":{"line":6,"column":0},"end":{"line":6,"column":0}},"6":{"start":{"line":7,"column":0},"end":{"line":7,"column":26}}},"s":{"0":1,"1":1,"2":1,"3":1,"4":1,"5":1,"6":1},"branchMap":{"0":{"type":"branch","line":7,"loc":{"start":{"line":7,"column":0},"end":{"line":7,"column":15}},"locations":[{"start":{"line":7,"column":0},"end":{"line":7,"column":15}}]}},"b":{"0":[3]},"fnMap":{"0":{"name":"get","decl":{"start":{"line":7,"column":0},"end":{"line":7,"column":15}},"loc":{"start":{"line":7,"column":0},"end":{"line":7,"column":15}},"line":7}},"f":{"0":3}}
}
