TN:
SF:src/components/Header.tsx
FN:32,get
FN:18,UserCard
FN:32,Header
FNF:3
FNH:3
FNDA:5,get
FNDA:5,UserCard
FNDA:5,Header
DA:1,1
DA:2,1
DA:3,1
DA:4,1
DA:5,1
DA:6,1
DA:7,1
DA:8,1
DA:9,1
DA:10,1
DA:11,1
DA:12,1
DA:13,1
DA:14,1
DA:15,1
DA:16,1
DA:17,1
DA:18,1
DA:19,5
DA:20,5
DA:21,5
DA:22,5
DA:23,5
DA:24,5
DA:25,5
DA:26,5
DA:27,5
DA:28,5
DA:29,5
DA:30,5
DA:31,1
DA:32,1
DA:33,5
DA:34,5
DA:35,5
DA:36,5
DA:37,5
DA:38,5
DA:39,5
DA:40,5
DA:41,5
DA:42,5
DA:43,5
DA:44,5
DA:45,5
DA:46,5
DA:47,5
LF:47
LH:47
BRDA:32,0,0,5
BRDA:18,1,0,5
BRDA:24,2,0,0
BRDA:24,3,0,0
BRDA:25,4,0,0
BRDA:25,5,0,0
BRDA:32,6,0,5
BRF:7
BRH:3
end_of_record
TN:
SF:src/components/Table/index.tsx
FN:22,get
FN:22,TableComponent
FN:76,onClick
FN:83,onClick
FNF:4
FNH:4
FNDA:3,get
FNDA:3,TableComponent
FNDA:1,onClick
FNDA:1,onClick
DA:1,1
DA:2,1
DA:3,1
DA:4,1
DA:5,1
DA:6,1
DA:7,1
DA:8,1
DA:9,1
DA:10,1
DA:11,1
DA:12,1
DA:13,1
DA:14,1
DA:15,1
DA:16,1
DA:17,1
DA:18,1
DA:19,1
DA:20,1
DA:21,1
DA:22,1
DA:23,3
DA:24,6
DA:25,6
DA:26,3
DA:27,3
DA:28,3
DA:29,3
DA:30,3
DA:31,3
DA:32,3
DA:33,3
DA:34,3
DA:35,3
DA:36,3
DA:37,3
DA:38,3
DA:39,3
DA:40,3
DA:41,3
DA:42,3
DA:43,3
DA:44,3
DA:45,3
DA:46,3
DA:47,3
DA:48,3
DA:49,3
DA:50,3
DA:51,3
DA:52,3
DA:53,3
DA:54,3
DA:55,3
DA:56,3
DA:57,3
DA:58,3
DA:59,3
DA:60,3
DA:61,3
DA:62,3
DA:63,3
DA:64,3
DA:65,3
DA:66,3
DA:67,3
DA:68,3
DA:69,3
DA:70,6
DA:71,3
DA:72,3
DA:73,3
DA:74,3
DA:75,2
DA:76,2
DA:77,2
DA:78,2
DA:79,2
DA:80,3
DA:81,3
DA:82,2
DA:83,2
DA:84,2
DA:85,2
DA:86,2
DA:87,3
DA:88,3
DA:89,3
DA:90,3
DA:91,3
DA:92,3
DA:93,3
DA:94,3
LF:94
LH:94
BRDA:22,0,0,3
BRDA:22,1,0,3
BRDA:64,2,0,1
BRDA:65,3,0,1
BRDA:23,4,0,6
BRDA:24,5,0,12
BRDA:59,6,0,6
BRDA:69,7,0,6
BRDA:74,8,0,2
BRDA:81,9,0,2
BRDA:71,10,0,12
BRDA:76,11,0,1
BRDA:83,12,0,1
BRF:13
BRH:13
end_of_record
TN:
SF:src/services/api/fishLogServices/GetAllFishLogs.ts
FN:15,get
FN:4,GetAllFishLogs
FNF:2
FNH:2
FNDA:1,get
FNDA:1,GetAllFishLogs
DA:1,1
DA:2,1
DA:3,1
DA:4,1
DA:5,1
DA:6,1
DA:7,1
DA:8,1
DA:9,1
DA:10,1
DA:11,1
DA:12,1
DA:13,1
DA:14,1
DA:15,1
LF:15
LH:15
BRDA:15,0,0,1
BRDA:4,1,0,1
BRDA:6,2,0,0
BRF:3
BRH:2
end_of_record
TN:
SF:src/services/api/fishLogServices/fishLogService.ts
FN:7,get
FNF:1
FNH:1
FNDA:3,get
DA:1,1
DA:2,1
DA:3,1
DA:4,1
DA:5,1
DA:6,1
DA:7,1
LF:7
LH:7
BRDA:7,0,0,3
BRF:1
BRH:1
end_of_record
TN:
SF:src/services/api/fishLogServices/getOneFishLog.ts
FN:5,get
FN:5,GetOneFishLog
FNF:2
FNH:2
FNDA:2,get
FNDA:2,GetOneFishLog
DA:1,1
DA:2,1
DA:3,1
DA:4,1
DA:5,1
DA:6,2
DA:7,2
DA:8,2
DA:9,2
DA:10,1
DA:11,1
LF:11
LH:11
BRDA:5,0,0,2
BRDA:5,1,0,2
BRDA:10,2,0,1
BRF:3
BRH:3
end_of_record
TN:
SF:src/services/api/userServices/getAllUsers.ts
FN:16,get
FN:16,GetAllUsers
FNF:2
FNH:2
FNDA:1,get
FNDA:1,GetAllUsers
DA:1,1
DA:2,1
DA:3,1
DA:4,1
DA:5,1
DA:6,1
DA:7,1
DA:8,1
DA:9,1
DA:10,1
DA:11,1
DA:12,1
DA:13,1
DA:14,1
DA:15,1
DA:16,1
DA:17,1
DA:18,1
DA:19,1
LF:19
LH:19
BRDA:16,0,0,1
BRDA:16,1,0,1
BRF:2
BRH:2
end_of_record
TN:
SF:src/services/api/userServices/login.ts
FN:3,get
FN:3,UserLogin
FNF:2
FNH:2
FNDA:5,get
FNDA:5,UserLogin
DA:1,1
DA:2,1
DA:3,1
DA:4,5
DA:5,5
DA:6,5
DA:7,5
DA:8,4
DA:9,4
DA:10,4
LF:10
LH:10
BRDA:3,0,0,5
BRDA:3,1,0,5
BRDA:8,2,0,4
BRF:3
BRH:3
end_of_record
TN:
SF:src/services/api/userServices/userService.ts
FN:7,get
FNF:1
FNH:1
FNDA:6,get
DA:1,1
DA:2,1
DA:3,1
DA:4,1
DA:5,1
DA:6,1
DA:7,1
LF:7
LH:7
BRDA:7,0,0,6
BRF:1
BRH:1
end_of_record
TN:
SF:src/services/api/wikiServices/getOneWikiFish.ts
FN:4,get
FN:4,GetOneWikiFish
FNF:2
FNH:2
FNDA:2,get
FNDA:2,GetOneWikiFish
DA:1,1
DA:2,1
DA:3,1
DA:4,1
DA:5,2
DA:6,1
DA:7,1
DA:8,1
LF:8
LH:8
BRDA:4,0,0,2
BRDA:4,1,0,2
BRDA:6,2,0,1
BRF:3
BRH:3
end_of_record
TN:
SF:src/services/api/wikiServices/getWikiFishes.ts
FN:4,get
FN:4,GetWikiFishes
FNF:2
FNH:2
FNDA:1,get
FNDA:1,GetWikiFishes
DA:1,1
DA:2,1
DA:3,1
DA:4,1
DA:5,1
DA:6,1
DA:7,1
DA:8,1
DA:9,1
DA:10,1
DA:11,1
LF:11
LH:11
BRDA:4,0,0,1
BRDA:4,1,0,1
BRDA:6,2,0,0
BRF:3
BRH:2
end_of_record
TN:
SF:src/services/api/wikiServices/wikiService.ts
FN:7,get
FNF:1
FNH:1
FNDA:3,get
DA:1,1
DA:2,1
DA:3,1
DA:4,1
DA:5,1
DA:6,1
DA:7,1
LF:7
LH:7
BRDA:7,0,0,3
BRF:1
BRH:1
end_of_record
