TN:
SF:src\components\Header.tsx
FN:32,get
FN:18,UserCard
FN:32,Header
FNF:3
FNH:3
FNDA:1,get
FNDA:1,UserCard
FNDA:1,Header
DA:1,1
DA:2,1
DA:3,1
DA:4,1
DA:5,1
DA:6,1
DA:7,1
DA:8,1
DA:9,1
DA:10,1
DA:11,1
DA:12,1
DA:13,1
DA:14,1
DA:15,1
DA:16,1
DA:17,1
DA:18,1
DA:19,1
DA:20,1
DA:21,1
DA:22,1
DA:23,1
DA:24,1
DA:25,1
DA:26,1
DA:27,1
DA:28,1
DA:29,1
DA:30,1
DA:31,1
DA:32,1
DA:33,1
DA:34,1
DA:35,1
DA:36,1
DA:37,1
DA:38,1
DA:39,1
DA:40,1
DA:41,1
DA:42,1
DA:43,1
LF:43
LH:43
BRDA:32,0,0,1
BRDA:18,1,0,1
BRDA:25,2,0,0
BRDA:32,3,0,1
BRF:4
BRH:3
end_of_record
TN:
SF:src\components\Sidebar.jsx
FN:192,get
FN:65,Sidebar
FN:68,toggle
FN:87,fazRota
FN:139,routeChange
FN:144,clearUserData
FN:148,handleLogoutClick
FNF:7
FNH:3
FNDA:1,get
FNDA:1,Sidebar
FNDA:0,toggle
FNDA:1,fazRota
FNDA:0,routeChange
FNDA:0,clearUserData
FNDA:0,handleLogoutClick
DA:1,1
DA:2,1
DA:3,1
DA:4,1
DA:5,1
DA:6,1
DA:7,1
DA:8,1
DA:9,1
DA:10,1
DA:11,1
DA:12,1
DA:13,1
DA:14,1
DA:15,1
DA:16,1
DA:17,1
DA:18,1
DA:19,1
DA:20,1
DA:21,1
DA:22,1
DA:23,1
DA:24,1
DA:25,1
DA:26,1
DA:27,1
DA:28,1
DA:29,1
DA:30,1
DA:31,1
DA:32,1
DA:33,1
DA:34,1
DA:35,1
DA:36,1
DA:37,1
DA:38,1
DA:39,1
DA:40,1
DA:41,1
DA:42,1
DA:43,1
DA:44,1
DA:45,1
DA:46,1
DA:47,1
DA:48,1
DA:49,1
DA:50,1
DA:51,1
DA:52,1
DA:53,1
DA:54,1
DA:55,1
DA:56,1
DA:57,1
DA:58,1
DA:59,1
DA:60,1
DA:61,1
DA:62,1
DA:63,1
DA:64,1
DA:65,1
DA:66,1
DA:67,1
DA:68,1
DA:69,1
DA:70,1
DA:71,1
DA:72,1
DA:73,1
DA:74,1
DA:75,1
DA:76,1
DA:77,1
DA:78,1
DA:79,1
DA:80,1
DA:81,1
DA:82,1
DA:83,1
DA:84,1
DA:85,1
DA:86,1
DA:87,1
DA:88,1
DA:89,1
DA:90,1
DA:91,1
DA:92,1
DA:93,1
DA:94,1
DA:95,1
DA:96,1
DA:97,0
DA:98,0
DA:99,0
DA:100,0
DA:101,0
DA:102,0
DA:103,0
DA:104,0
DA:105,0
DA:106,1
DA:107,1
DA:108,1
DA:109,1
DA:110,1
DA:111,1
DA:112,1
DA:113,0
DA:114,0
DA:115,0
DA:116,0
DA:117,0
DA:118,0
DA:119,0
DA:120,0
DA:121,0
DA:122,0
DA:123,0
DA:124,0
DA:125,0
DA:126,0
DA:127,0
DA:128,0
DA:129,0
DA:130,0
DA:131,0
DA:132,0
DA:133,0
DA:134,0
DA:135,0
DA:136,1
DA:137,1
DA:138,1
DA:139,1
DA:140,0
DA:141,0
DA:142,0
DA:143,1
DA:144,1
DA:145,0
DA:146,0
DA:147,1
DA:148,1
DA:149,0
DA:150,0
DA:151,0
DA:152,1
DA:153,1
DA:154,1
DA:155,1
DA:156,1
DA:157,1
DA:158,1
DA:159,1
DA:160,1
DA:161,1
DA:162,1
DA:163,1
DA:164,1
DA:165,1
DA:166,1
DA:167,1
DA:168,1
DA:169,0
DA:170,0
DA:171,0
DA:172,1
DA:173,1
DA:174,1
DA:175,1
DA:176,1
DA:177,1
DA:178,1
DA:179,1
DA:180,1
DA:181,1
DA:182,1
DA:183,1
DA:184,1
DA:185,1
DA:186,1
DA:187,1
DA:188,1
DA:189,1
DA:190,1
DA:191,1
DA:192,1
LF:192
LH:149
BRDA:192,0,0,1
BRDA:65,1,0,1
BRDA:157,2,0,0
BRDA:168,3,0,0
BRDA:87,4,0,1
BRDA:112,5,0,0
BRDA:92,6,0,5
BRDA:96,7,0,0
BRF:8
BRH:4
end_of_record
TN:
SF:src\components\FishCard\FishCard.tsx
FN:27,get
FN:27,FishCard
FNF:2
FNH:0
FNDA:0,get
FNDA:0,FishCard
DA:1,1
DA:2,1
DA:3,1
DA:4,1
DA:5,1
DA:6,1
DA:7,1
DA:8,1
DA:9,1
DA:10,1
DA:11,1
DA:12,1
DA:13,1
DA:14,1
DA:15,1
DA:16,1
DA:17,1
DA:18,1
DA:19,1
DA:20,1
DA:21,1
DA:22,1
DA:23,1
DA:24,1
DA:25,1
DA:26,1
DA:27,1
DA:28,0
DA:29,0
DA:30,0
DA:31,0
DA:32,0
DA:33,0
DA:34,0
DA:35,0
DA:36,0
DA:37,0
DA:38,0
DA:39,0
DA:40,0
DA:41,0
DA:42,0
DA:43,0
DA:44,0
DA:45,0
DA:46,0
DA:47,0
DA:48,0
DA:49,0
DA:50,0
DA:51,0
DA:52,0
DA:53,0
DA:54,0
DA:55,0
DA:56,0
DA:57,0
DA:58,0
DA:59,0
DA:60,0
DA:61,0
DA:62,0
DA:63,0
DA:64,0
DA:65,0
DA:66,0
DA:67,0
DA:68,0
DA:69,0
DA:70,0
DA:71,0
DA:72,0
DA:73,0
DA:74,0
DA:75,0
DA:76,0
DA:77,0
DA:78,0
DA:79,0
DA:80,0
DA:81,0
DA:82,0
LF:82
LH:27
BRF:0
BRH:0
end_of_record
TN:
SF:src\components\Table\index.tsx
FN:22,get
FN:22,TableComponent
FN:76,onClick
FN:83,onClick
FNF:4
FNH:4
FNDA:3,get
FNDA:3,TableComponent
FNDA:1,onClick
FNDA:1,onClick
DA:1,1
DA:2,1
DA:3,1
DA:4,1
DA:5,1
DA:6,1
DA:7,1
DA:8,1
DA:9,1
DA:10,1
DA:11,1
DA:12,1
DA:13,1
DA:14,1
DA:15,1
DA:16,1
DA:17,1
DA:18,1
DA:19,1
DA:20,1
DA:21,1
DA:22,1
DA:23,3
DA:24,6
DA:25,6
DA:26,3
DA:27,3
DA:28,3
DA:29,3
DA:30,3
DA:31,3
DA:32,3
DA:33,3
DA:34,3
DA:35,3
DA:36,3
DA:37,3
DA:38,3
DA:39,3
DA:40,3
DA:41,3
DA:42,3
DA:43,3
DA:44,3
DA:45,3
DA:46,3
DA:47,3
DA:48,3
DA:49,3
DA:50,3
DA:51,3
DA:52,3
DA:53,3
DA:54,3
DA:55,3
DA:56,3
DA:57,3
DA:58,3
DA:59,3
DA:60,3
DA:61,3
DA:62,3
DA:63,3
DA:64,3
DA:65,3
DA:66,3
DA:67,3
DA:68,3
DA:69,3
DA:70,6
DA:71,3
DA:72,3
DA:73,3
DA:74,3
DA:75,2
DA:76,2
DA:77,2
DA:78,2
DA:79,2
DA:80,3
DA:81,3
DA:82,2
DA:83,2
DA:84,2
DA:85,2
DA:86,2
DA:87,3
DA:88,3
DA:89,3
DA:90,3
DA:91,3
DA:92,3
DA:93,3
DA:94,3
LF:94
LH:94
BRDA:22,0,0,3
BRDA:22,1,0,3
BRDA:64,2,0,1
BRDA:65,3,0,1
BRDA:23,4,0,6
BRDA:24,5,0,12
BRDA:59,6,0,6
BRDA:69,7,0,6
BRDA:74,8,0,2
BRDA:81,9,0,2
BRDA:71,10,0,12
BRDA:76,11,0,1
BRDA:83,12,0,1
BRF:13
BRH:13
end_of_record
TN:
SF:src\pages\Datas\Datas.tsx
FN:46,get
FN:10,Datas
FNF:2
FNH:2
FNDA:1,get
FNDA:1,Datas
DA:1,1
DA:2,1
DA:3,1
DA:4,1
DA:5,1
DA:6,1
DA:7,1
DA:8,1
DA:9,1
DA:10,1
DA:11,1
DA:12,1
DA:13,1
DA:14,1
DA:15,1
DA:16,1
DA:17,1
DA:18,1
DA:19,1
DA:20,1
DA:21,1
DA:22,1
DA:23,1
DA:24,1
DA:25,1
DA:26,1
DA:27,0
DA:28,0
DA:29,0
DA:30,0
DA:31,0
DA:32,0
DA:33,0
DA:34,0
DA:35,0
DA:36,0
DA:37,0
DA:38,0
DA:39,0
DA:40,1
DA:41,1
DA:42,1
DA:43,1
DA:44,1
DA:45,1
DA:46,1
LF:46
LH:33
BRDA:46,0,0,1
BRDA:10,1,0,1
BRDA:12,2,0,1
BRF:3
BRH:3
end_of_record
TN:
SF:src\pages\Login\index.tsx
FN:23,get
FN:15,Copyright
FN:23,Login
FN:26,handleSubmit
FN:62,backgroundColor
FNF:5
FNH:5
FNDA:1,get
FNDA:1,Copyright
FNDA:1,Login
FNDA:1,handleSubmit
FNDA:1,backgroundColor
DA:1,1
DA:2,1
DA:3,1
DA:4,1
DA:5,1
DA:6,1
DA:7,1
DA:8,1
DA:9,1
DA:10,1
DA:11,1
DA:12,1
DA:13,1
DA:14,1
DA:15,1
DA:16,1
DA:17,1
DA:18,1
DA:19,1
DA:20,1
DA:21,1
DA:22,1
DA:23,1
DA:24,1
DA:25,1
DA:26,1
DA:27,1
DA:28,1
DA:29,1
DA:30,1
DA:31,0
DA:32,0
DA:33,0
DA:34,0
DA:35,1
DA:36,1
DA:37,0
DA:38,0
DA:39,0
DA:40,0
DA:41,0
DA:42,0
DA:43,0
DA:44,0
DA:45,0
DA:46,1
DA:47,0
DA:48,1
DA:49,1
DA:50,1
DA:51,1
DA:52,1
DA:53,1
DA:54,1
DA:55,1
DA:56,1
DA:57,1
DA:58,1
DA:59,1
DA:60,1
DA:61,1
DA:62,1
DA:63,1
DA:64,1
DA:65,1
DA:66,1
DA:67,1
DA:68,1
DA:69,1
DA:70,1
DA:71,1
DA:72,1
DA:73,1
DA:74,1
DA:75,1
DA:76,1
DA:77,1
DA:78,1
DA:79,1
DA:80,1
DA:81,1
DA:82,1
DA:83,1
DA:84,1
DA:85,1
DA:86,1
DA:87,1
DA:88,1
DA:89,1
DA:90,1
DA:91,1
DA:92,1
DA:93,1
DA:94,1
DA:95,1
DA:96,1
DA:97,1
DA:98,1
DA:99,1
DA:100,1
DA:101,1
DA:102,1
DA:103,1
DA:104,1
DA:105,1
DA:106,1
DA:107,1
DA:108,1
DA:109,1
DA:110,1
DA:111,1
DA:112,1
DA:113,1
DA:114,1
DA:115,1
DA:116,1
DA:117,1
DA:118,1
DA:119,1
DA:120,1
DA:121,1
DA:122,1
DA:123,1
DA:124,1
DA:125,1
DA:126,1
DA:127,1
DA:128,1
DA:129,1
DA:130,1
DA:131,1
DA:132,1
DA:133,1
DA:134,1
DA:135,1
DA:136,1
DA:137,1
DA:138,1
DA:139,1
DA:140,1
DA:141,1
DA:142,1
DA:143,1
DA:144,1
DA:145,1
DA:146,1
DA:147,1
DA:148,1
DA:149,1
DA:150,1
DA:151,1
DA:152,1
DA:153,1
DA:154,1
DA:155,1
LF:155
LH:141
BRDA:23,0,0,1
BRDA:15,1,0,1
BRDA:23,2,0,1
BRDA:26,3,0,1
BRDA:47,4,0,0
BRDA:62,5,0,1
BRDA:62,6,0,0
BRF:7
BRH:5
end_of_record
TN:
SF:src\pages\Register\index.tsx
FN:20,get
FN:12,Copyright
FN:20,Register
FN:21,handleSubmit
FN:41,backgroundColor
FNF:5
FNH:5
FNDA:1,get
FNDA:1,Copyright
FNDA:1,Register
FNDA:1,handleSubmit
FNDA:1,backgroundColor
DA:1,1
DA:2,1
DA:3,1
DA:4,1
DA:5,1
DA:6,1
DA:7,1
DA:8,1
DA:9,1
DA:10,1
DA:11,1
DA:12,1
DA:13,1
DA:14,1
DA:15,1
DA:16,1
DA:17,1
DA:18,1
DA:19,1
DA:20,1
DA:21,1
DA:22,1
DA:23,1
DA:24,1
DA:25,1
DA:26,1
DA:27,1
DA:28,1
DA:29,1
DA:30,1
DA:31,1
DA:32,1
DA:33,1
DA:34,1
DA:35,1
DA:36,1
DA:37,1
DA:38,1
DA:39,1
DA:40,1
DA:41,1
DA:42,1
DA:43,1
DA:44,1
DA:45,1
DA:46,1
DA:47,1
DA:48,1
DA:49,1
DA:50,1
DA:51,1
DA:52,1
DA:53,1
DA:54,1
DA:55,1
DA:56,1
DA:57,1
DA:58,1
DA:59,1
DA:60,1
DA:61,1
DA:62,1
DA:63,1
DA:64,1
DA:65,1
DA:66,1
DA:67,1
DA:68,1
DA:69,1
DA:70,1
DA:71,1
DA:72,1
DA:73,1
DA:74,1
DA:75,1
DA:76,1
DA:77,1
DA:78,1
DA:79,1
DA:80,1
DA:81,1
DA:82,1
DA:83,1
DA:84,1
DA:85,1
DA:86,1
DA:87,1
DA:88,1
DA:89,1
DA:90,1
DA:91,1
DA:92,1
DA:93,1
DA:94,1
DA:95,1
DA:96,1
DA:97,1
DA:98,1
DA:99,1
DA:100,1
DA:101,1
DA:102,1
DA:103,1
DA:104,1
DA:105,1
DA:106,1
DA:107,1
DA:108,1
DA:109,1
DA:110,1
DA:111,1
DA:112,1
DA:113,1
DA:114,1
DA:115,1
DA:116,1
DA:117,1
DA:118,1
DA:119,1
DA:120,1
DA:121,1
DA:122,1
DA:123,1
DA:124,1
DA:125,1
DA:126,1
DA:127,1
DA:128,1
DA:129,1
DA:130,1
DA:131,1
DA:132,1
LF:132
LH:132
BRDA:20,0,0,1
BRDA:12,1,0,1
BRDA:20,2,0,1
BRDA:21,3,0,1
BRDA:41,4,0,1
BRDA:41,5,0,0
BRF:6
BRH:5
end_of_record
TN:
SF:src\services\api\fishLogServices\GetAllFishLogs.ts
FN:15,get
FN:4,GetAllFishLogs
FNF:2
FNH:2
FNDA:1,get
FNDA:1,GetAllFishLogs
DA:1,1
DA:2,1
DA:3,1
DA:4,1
DA:5,1
DA:6,1
DA:7,1
DA:8,1
DA:9,1
DA:10,1
DA:11,1
DA:12,1
DA:13,1
DA:14,1
DA:15,1
LF:15
LH:15
BRDA:15,0,0,1
BRDA:4,1,0,1
BRDA:6,2,0,0
BRF:3
BRH:2
end_of_record
TN:
SF:src\services\api\fishLogServices\fishLogService.ts
FN:7,get
FNF:1
FNH:1
FNDA:3,get
DA:1,1
DA:2,1
DA:3,1
DA:4,1
DA:5,1
DA:6,1
DA:7,1
LF:7
LH:7
BRDA:7,0,0,3
BRF:1
BRH:1
end_of_record
TN:
SF:src\services\api\fishLogServices\getOneFishLog.ts
FN:5,get
FN:5,GetOneFishLog
FNF:2
FNH:2
FNDA:2,get
FNDA:2,GetOneFishLog
DA:1,1
DA:2,1
DA:3,1
DA:4,1
DA:5,1
DA:6,2
DA:7,2
DA:8,2
DA:9,2
DA:10,1
DA:11,1
LF:11
LH:11
BRDA:5,0,0,2
BRDA:5,1,0,2
BRDA:10,2,0,1
BRF:3
BRH:3
end_of_record
TN:
SF:src\services\api\userServices\getAllUsers.ts
FN:16,get
FN:16,GetAllUsers
FNF:2
FNH:2
FNDA:1,get
FNDA:1,GetAllUsers
DA:1,1
DA:2,1
DA:3,1
DA:4,1
DA:5,1
DA:6,1
DA:7,1
DA:8,1
DA:9,1
DA:10,1
DA:11,1
DA:12,1
DA:13,1
DA:14,1
DA:15,1
DA:16,1
DA:17,1
DA:18,1
DA:19,1
LF:19
LH:19
BRDA:16,0,0,1
BRDA:16,1,0,1
BRF:2
BRH:2
end_of_record
TN:
SF:src\services\api\userServices\login.ts
FN:3,get
FN:3,UserLogin
FNF:2
FNH:2
FNDA:6,get
FNDA:6,UserLogin
DA:1,1
DA:2,1
DA:3,1
DA:4,6
DA:5,6
DA:6,6
DA:7,6
DA:8,4
DA:9,4
DA:10,4
LF:10
LH:10
BRDA:3,0,0,6
BRDA:3,1,0,6
BRDA:8,2,0,4
BRF:3
BRH:3
end_of_record
TN:
SF:src\services\api\userServices\userService.ts
FN:7,get
FNF:1
FNH:1
FNDA:7,get
DA:1,1
DA:2,1
DA:3,1
DA:4,1
DA:5,1
DA:6,1
DA:7,1
LF:7
LH:7
BRDA:7,0,0,7
BRF:1
BRH:1
end_of_record
TN:
SF:src\services\api\wikiServices\getOneWikiFish.ts
FN:4,get
FN:4,GetOneWikiFish
FNF:2
FNH:2
FNDA:2,get
FNDA:2,GetOneWikiFish
DA:1,1
DA:2,1
DA:3,1
DA:4,1
DA:5,2
DA:6,1
DA:7,1
DA:8,1
LF:8
LH:8
BRDA:4,0,0,2
BRDA:4,1,0,2
BRDA:6,2,0,1
BRF:3
BRH:3
end_of_record
TN:
SF:src\services\api\wikiServices\getWikiFishes.ts
FN:4,get
FN:4,GetWikiFishes
FNF:2
FNH:2
FNDA:2,get
FNDA:2,GetWikiFishes
DA:1,1
DA:2,1
DA:3,1
DA:4,1
DA:5,2
DA:6,2
DA:7,2
DA:8,2
DA:9,1
DA:10,1
DA:11,1
LF:11
LH:11
BRDA:4,0,0,2
BRDA:4,1,0,2
BRDA:6,2,0,0
BRDA:9,3,0,1
BRF:4
BRH:3
end_of_record
TN:
SF:src\services\api\wikiServices\wikiService.ts
FN:7,get
FNF:1
FNH:1
FNDA:4,get
DA:1,1
DA:2,1
DA:3,1
DA:4,1
DA:5,1
DA:6,1
DA:7,1
LF:7
LH:7
BRDA:7,0,0,4
BRF:1
BRH:1
end_of_record
